<?xml version="1.0" encoding="UTF-8"?>
<!-- Generated by org.testng.reporters.JUnitXMLReporter -->
<testsuite ignored="0" hostname="DESKTOP-E57FEQI" failures="1" tests="1" name="edge" time="0.08" errors="0" timestamp="2022-11-26T20:49:16 IST">
  <testcase classname="TestNG.MultiBrowserTesting" name="TC1" time="0.063">
    <failure type="java.lang.IllegalStateException" message="The driver executable must exist: E:\Yojana\new\Sept2022\workspace\AUTOMATION\edge.exe file path">
      <![CDATA[java.lang.IllegalStateException: The driver executable must exist: E:\Yojana\new\Sept2022\workspace\AUTOMATION\edge.exe file path
at org.openqa.selenium.internal.Require$FileStateChecker.isFile(Require.java:342)
at org.openqa.selenium.remote.service.DriverService.checkExecutable(DriverService.java:147)
at org.openqa.selenium.remote.service.DriverService.findExecutable(DriverService.java:142)
at org.openqa.selenium.edge.EdgeDriverService.access$000(EdgeDriverService.java:40)
at org.openqa.selenium.edge.EdgeDriverService$Builder.findDefaultExecutable(EdgeDriverService.java:190)
at org.openqa.selenium.remote.service.DriverService$Builder.build(DriverService.java:437)
at org.openqa.selenium.edge.EdgeDriver.<init>(EdgeDriver.java:46)
at org.openqa.selenium.edge.EdgeDriver.<init>(EdgeDriver.java:42)
at TestNG.MultiBrowserTesting.TC1(MultiBrowserTesting.java:33)
at java.base/java.util.ArrayList.forEach(ArrayList.java:1511)
... Removed 25 stack frames]]>
    </failure>
  </testcase> <!-- TC1 -->
</testsuite> <!-- edge -->
