<?xml version="1.0" encoding="UTF-8"?>
<!-- Generated by org.testng.reporters.JUnitXMLReporter -->
<testsuite ignored="3" hostname="DESKTOP-E57FEQI" failures="0" tests="3" name="GROUP" time="0.251" errors="0" timestamp="2022-11-26T20:32:21 IST">
  <testcase classname="TestNG.TestNG_Group" name="TC2" time="0.045"/>
  <testcase classname="TestNG.TestNG_Group" name="TC5" time="0.005"/>
  <testcase classname="TestNG.TestNG_Group" name="TC6" time="0.006"/>
  <testcase classname="TestNG.TestNG_Group" name="TC4" time="0.0">
    <ignored/>
  </testcase> <!-- TC4 -->
  <testcase classname="TestNG.TestNG_Group" name="TC1" time="0.0">
    <ignored/>
  </testcase> <!-- TC1 -->
  <testcase classname="TestNG.TestNG_Group" name="TC3" time="0.0">
    <ignored/>
  </testcase> <!-- TC3 -->
</testsuite> <!-- GROUP -->
