<?xml version="1.0" encoding="UTF-8"?>
<!-- Generated by org.testng.reporters.JUnitXMLReporter -->
<testsuite ignored="0" hostname="DESKTOP-E57FEQI" failures="1" tests="10" name="Simultaneous Run" time="0.411" errors="0" timestamp="2022-11-26T07:07:31 IST">
  <testcase classname="TestNG.sample1" name="TC1" time="0.029"/>
  <testcase classname="TestNG.sample1" name="TC2" time="0.012"/>
  <testcase classname="TestNG.sample1" name="TC3" time="0.01"/>
  <testcase classname="TestNG.sample2" name="TC4" time="0.008"/>
  <testcase classname="TestNG.sample2" name="TC5" time="0.01"/>
  <testcase classname="TestNG.sample2" name="TC6" time="0.021">
    <failure type="java.lang.AssertionError" message="null">
      <![CDATA[java.lang.AssertionError: null
at TestNG.sample2.TC6(sample2.java:21)
at java.base/java.util.ArrayList.forEach(ArrayList.java:1511)
... Removed 27 stack frames]]>
    </failure>
  </testcase> <!-- TC6 -->
  <testcase classname="TestNG.sample2" name="TC7" time="0.008"/>
  <testcase classname="TestNG.sample3" name="TC10" time="0.012"/>
  <testcase classname="TestNG.sample3" name="TC8" time="0.009"/>
  <testcase classname="TestNG.sample3" name="TC9" time="0.013"/>
</testsuite> <!-- Simultaneous Run -->
